-------------------------------------------------------------------------------
Test set: net.frontlinesms.plugins.forms.data.repository.hibernate.HibernateFormResultDaoTest
-------------------------------------------------------------------------------
Tests run: 1, Failures: 0, Errors: 1, Skipped: 0, Time elapsed: 0.015 sec <<< FAILURE!
test(net.frontlinesms.plugins.forms.data.repository.hibernate.HibernateFormResultDaoTest)  Time elapsed: 0.006 sec  <<< ERROR!
org.springframework.beans.factory.BeanDefinitionStoreException: IOException parsing XML document from class path resource [net/frontlinesms/plugins/forms/data/repository/hibernate/HibernateFormResultDaoTest.xml]; nested exception is java.io.FileNotFoundException: class path resource [net/frontlinesms/plugins/forms/data/repository/hibernate/HibernateFormResultDaoTest.xml] cannot be opened because it does not exist
	at org.springframework.beans.factory.xml.XmlBeanDefinitionReader.loadBeanDefinitions(XmlBeanDefinitionReader.java:349)
	at org.springframework.beans.factory.xml.XmlBeanDefinitionReader.loadBeanDefinitions(XmlBeanDefinitionReader.java:310)
	at org.springframework.beans.factory.support.AbstractBeanDefinitionReader.loadBeanDefinitions(AbstractBeanDefinitionReader.java:143)
	at org.springframework.beans.factory.support.AbstractBeanDefinitionReader.loadBeanDefinitions(AbstractBeanDefinitionReader.java:178)
	at org.springframework.beans.factory.support.AbstractBeanDefinitionReader.loadBeanDefinitions(AbstractBeanDefinitionReader.java:149)
	at org.springframework.beans.factory.support.AbstractBeanDefinitionReader.loadBeanDefinitions(AbstractBeanDefinitionReader.java:212)
	at org.springframework.test.AbstractSingleSpringContextTests.createApplicationContext(AbstractSingleSpringContextTests.java:212)
	at org.springframework.test.AbstractSingleSpringContextTests.loadContextLocations(AbstractSingleSpringContextTests.java:189)
	at org.springframework.test.AbstractSingleSpringContextTests.loadContext(AbstractSingleSpringContextTests.java:169)
	at org.springframework.test.AbstractSpringContextTests.getContext(AbstractSpringContextTests.java:140)
	at org.springframework.test.AbstractSingleSpringContextTests.setUp(AbstractSingleSpringContextTests.java:98)
	at junit.framework.TestCase.runBare(TestCase.java:125)
	at org.springframework.test.ConditionalTestCase.runBare(ConditionalTestCase.java:76)
	at junit.framework.TestResult$1.protect(TestResult.java:106)
	at junit.framework.TestResult.runProtected(TestResult.java:124)
	at junit.framework.TestResult.run(TestResult.java:109)
	at junit.framework.TestCase.run(TestCase.java:118)
	at junit.framework.TestSuite.runTest(TestSuite.java:208)
	at junit.framework.TestSuite.run(TestSuite.java:203)
	at sun.reflect.NativeMethodAccessorImpl.invoke0(Native Method)
	at sun.reflect.NativeMethodAccessorImpl.invoke(NativeMethodAccessorImpl.java:39)
	at sun.reflect.DelegatingMethodAccessorImpl.invoke(DelegatingMethodAccessorImpl.java:25)
	at java.lang.reflect.Method.invoke(Method.java:597)
	at org.apache.maven.surefire.junit.JUnitTestSet.execute(JUnitTestSet.java:213)
	at org.apache.maven.surefire.suite.AbstractDirectoryTestSuite.executeTestSet(AbstractDirectoryTestSuite.java:140)
	at org.apache.maven.surefire.suite.AbstractDirectoryTestSuite.execute(AbstractDirectoryTestSuite.java:127)
	at org.apache.maven.surefire.Surefire.run(Surefire.java:177)
	at sun.reflect.NativeMethodAccessorImpl.invoke0(Native Method)
	at sun.reflect.NativeMethodAccessorImpl.invoke(NativeMethodAccessorImpl.java:39)
	at sun.reflect.DelegatingMethodAccessorImpl.invoke(DelegatingMethodAccessorImpl.java:25)
	at java.lang.reflect.Method.invoke(Method.java:597)
	at org.apache.maven.surefire.booter.SurefireBooter.runSuitesInProcess(SurefireBooter.java:345)
	at org.apache.maven.surefire.booter.SurefireBooter.main(SurefireBooter.java:1009)
Caused by: java.io.FileNotFoundException: class path resource [net/frontlinesms/plugins/forms/data/repository/hibernate/HibernateFormResultDaoTest.xml] cannot be opened because it does not exist
	at org.springframework.core.io.ClassPathResource.getInputStream(ClassPathResource.java:143)
	at org.springframework.beans.factory.xml.XmlBeanDefinitionReader.loadBeanDefinitions(XmlBeanDefinitionReader.java:336)
	... 32 more
Caused by: java.io.FileNotFoundException: class path resource [net/frontlinesms/plugins/forms/data/repository/hibernate/HibernateFormResultDaoTest.xml] cannot be opened because it does not exist
	at org.springframework.core.io.ClassPathResource.getInputStream(ClassPathResource.java:143)
	at org.springframework.beans.factory.xml.XmlBeanDefinitionReader.loadBeanDefinitions(XmlBeanDefinitionReader.java:336)
	... 32 more

