-------------------------------------------------------------------------------
Test set: org.smslib.COutgoingMessageTest
-------------------------------------------------------------------------------
Tests run: 3, Failures: 0, Errors: 3, Skipped: 0, Time elapsed: 0.022 sec <<< FAILURE!
testGeneratedMessages_8bit(org.smslib.COutgoingMessageTest)  Time elapsed: 0.004 sec  <<< ERROR!
java.lang.NullPointerException
	at org.smslib.COutgoingMessageTest.loadTestMessages(COutgoingMessageTest.java:101)
	at org.smslib.COutgoingMessageTest.testGeneratedMessage(COutgoingMessageTest.java:24)
	at org.smslib.COutgoingMessageTest.testGeneratedMessages_8bit(COutgoingMessageTest.java:59)

testGeneratedMessages_ucs2(org.smslib.COutgoingMessageTest)  Time elapsed: 0 sec  <<< ERROR!
java.lang.NullPointerException
	at org.smslib.COutgoingMessageTest.loadTestMessages(COutgoingMessageTest.java:101)
	at org.smslib.COutgoingMessageTest.testGeneratedMessage(COutgoingMessageTest.java:24)
	at org.smslib.COutgoingMessageTest.testGeneratedMessages_ucs2(COutgoingMessageTest.java:69)

testGeneratedMessages_gsm7bit(org.smslib.COutgoingMessageTest)  Time elapsed: 0 sec  <<< ERROR!
java.lang.NullPointerException
	at org.smslib.COutgoingMessageTest.loadTestMessages(COutgoingMessageTest.java:101)
	at org.smslib.COutgoingMessageTest.testGeneratedMessage(COutgoingMessageTest.java:24)
	at org.smslib.COutgoingMessageTest.testGeneratedMessages_gsm7bit(COutgoingMessageTest.java:79)

